<?xml version="1.0" encoding="UTF-8" ?>
<testsuite tests="6" failures="0" name="JndiLdapAuthManualTest" time="0.231" errors="0" skipped="0">
  <properties>
    <property name="java.runtime.name" value="OpenJDK Runtime Environment"/>
    <property name="sun.boot.library.path" value="/Users/albert/NetBeansJDKs/zulu8.70.0.23-ca-jdk8.0.372-macosx_x64.tar/zulu8.70.0.23-ca-jdk8.0.372-macosx_x64/zulu-8.jdk/Contents/Home/jre/lib"/>
    <property name="java.vm.version" value="25.372-b07"/>
    <property name="gopherProxySet" value="false"/>
    <property name="jdk.vendor.version" value="Zulu 8.70.0.23-CA-macosx"/>
    <property name="java.vm.vendor" value="Azul Systems, Inc."/>
    <property name="maven.multiModuleProjectDirectory" value="/Users/albert/NetBeansProjects/java_ldap_auth"/>
    <property name="java.vendor.url" value="http://www.azul.com/"/>
    <property name="path.separator" value=":"/>
    <property name="guice.disable.misplaced.annotation.check" value="true"/>
    <property name="java.vm.name" value="OpenJDK 64-Bit Server VM"/>
    <property name="file.encoding.pkg" value="sun.io"/>
    <property name="user.country" value="ES"/>
    <property name="sun.java.launcher" value="SUN_STANDARD"/>
    <property name="sun.os.patch.level" value="unknown"/>
    <property name="java.vm.specification.name" value="Java Virtual Machine Specification"/>
    <property name="user.dir" value="/Users/albert/NetBeansProjects/java_ldap_auth"/>
    <property name="java.runtime.version" value="1.8.0_372-b07"/>
    <property name="java.awt.graphicsenv" value="sun.awt.CGraphicsEnvironment"/>
    <property name="java.endorsed.dirs" value="/Users/albert/NetBeansJDKs/zulu8.70.0.23-ca-jdk8.0.372-macosx_x64.tar/zulu8.70.0.23-ca-jdk8.0.372-macosx_x64/zulu-8.jdk/Contents/Home/jre/lib/endorsed"/>
    <property name="os.arch" value="x86_64"/>
    <property name="java.io.tmpdir" value="/var/folders/f8/07wsxfjs3jz_yh1lvxw5z_m40000gn/T/"/>
    <property name="line.separator" value="
"/>
    <property name="java.vm.specification.vendor" value="Oracle Corporation"/>
    <property name="os.name" value="Mac OS X"/>
    <property name="maven.ext.class.path" value="/Applications/NetBeans/Apache NetBeans 17.app/Contents/Resources/NetBeans/netbeans/java/maven-nblib/netbeans-eventspy.jar"/>
    <property name="classworlds.conf" value="/Applications/NetBeans/Apache NetBeans 17.app/Contents/Resources/NetBeans/netbeans/java/maven/bin/m2.conf"/>
    <property name="sun.jnu.encoding" value="UTF-8"/>
    <property name="java.library.path" value="/Users/albert/Library/Java/Extensions:/Library/Java/Extensions:/Network/Library/Java/Extensions:/System/Library/Java/Extensions:/usr/lib/java:."/>
    <property name="maven.conf" value="/Applications/NetBeans/Apache NetBeans 17.app/Contents/Resources/NetBeans/netbeans/java/maven/conf"/>
    <property name="java.specification.name" value="Java Platform API Specification"/>
    <property name="java.class.version" value="52.0"/>
    <property name="sun.management.compiler" value="HotSpot 64-Bit Tiered Compilers"/>
    <property name="os.version" value="12.6.2"/>
    <property name="http.nonProxyHosts" value="local|*.local|169.254/16|*.169.254/16"/>
    <property name="library.jansi.path" value="/Applications/NetBeans/Apache NetBeans 17.app/Contents/Resources/NetBeans/netbeans/java/maven/lib/jansi-native"/>
    <property name="user.home" value="/Users/albert"/>
    <property name="user.timezone" value="Europe/Madrid"/>
    <property name="java.awt.printerjob" value="sun.lwawt.macosx.CPrinterJob"/>
    <property name="java.specification.version" value="1.8"/>
    <property name="file.encoding" value="UTF-8"/>
    <property name="user.name" value="albert"/>
    <property name="java.class.path" value="/Applications/NetBeans/Apache NetBeans 17.app/Contents/Resources/NetBeans/netbeans/java/maven/boot/plexus-classworlds-2.6.0.jar"/>
    <property name="java.vm.specification.version" value="1.8"/>
    <property name="sun.arch.data.model" value="64"/>
    <property name="java.home" value="/Users/albert/NetBeansJDKs/zulu8.70.0.23-ca-jdk8.0.372-macosx_x64.tar/zulu8.70.0.23-ca-jdk8.0.372-macosx_x64/zulu-8.jdk/Contents/Home/jre"/>
    <property name="sun.java.command" value="org.codehaus.plexus.classworlds.launcher.Launcher -Dmaven.ext.class.path=/Applications/NetBeans/Apache NetBeans 17.app/Contents/Resources/NetBeans/netbeans/java/maven-nblib/netbeans-eventspy.jar --no-transfer-progress test"/>
    <property name="java.specification.vendor" value="Oracle Corporation"/>
    <property name="user.language" value="es"/>
    <property name="awt.toolkit" value="sun.lwawt.macosx.LWCToolkit"/>
    <property name="java.vm.info" value="mixed mode"/>
    <property name="java.version" value="1.8.0_372"/>
    <property name="java.ext.dirs" value="/Users/albert/Library/Java/Extensions:/Users/albert/NetBeansJDKs/zulu8.70.0.23-ca-jdk8.0.372-macosx_x64.tar/zulu8.70.0.23-ca-jdk8.0.372-macosx_x64/zulu-8.jdk/Contents/Home/jre/lib/ext:/Library/Java/Extensions:/Network/Library/Java/Extensions:/System/Library/Java/Extensions:/usr/lib/java"/>
    <property name="sun.boot.class.path" value="/Users/albert/NetBeansJDKs/zulu8.70.0.23-ca-jdk8.0.372-macosx_x64.tar/zulu8.70.0.23-ca-jdk8.0.372-macosx_x64/zulu-8.jdk/Contents/Home/jre/lib/resources.jar:/Users/albert/NetBeansJDKs/zulu8.70.0.23-ca-jdk8.0.372-macosx_x64.tar/zulu8.70.0.23-ca-jdk8.0.372-macosx_x64/zulu-8.jdk/Contents/Home/jre/lib/rt.jar:/Users/albert/NetBeansJDKs/zulu8.70.0.23-ca-jdk8.0.372-macosx_x64.tar/zulu8.70.0.23-ca-jdk8.0.372-macosx_x64/zulu-8.jdk/Contents/Home/jre/lib/sunrsasign.jar:/Users/albert/NetBeansJDKs/zulu8.70.0.23-ca-jdk8.0.372-macosx_x64.tar/zulu8.70.0.23-ca-jdk8.0.372-macosx_x64/zulu-8.jdk/Contents/Home/jre/lib/jsse.jar:/Users/albert/NetBeansJDKs/zulu8.70.0.23-ca-jdk8.0.372-macosx_x64.tar/zulu8.70.0.23-ca-jdk8.0.372-macosx_x64/zulu-8.jdk/Contents/Home/jre/lib/jce.jar:/Users/albert/NetBeansJDKs/zulu8.70.0.23-ca-jdk8.0.372-macosx_x64.tar/zulu8.70.0.23-ca-jdk8.0.372-macosx_x64/zulu-8.jdk/Contents/Home/jre/lib/charsets.jar:/Users/albert/NetBeansJDKs/zulu8.70.0.23-ca-jdk8.0.372-macosx_x64.tar/zulu8.70.0.23-ca-jdk8.0.372-macosx_x64/zulu-8.jdk/Contents/Home/jre/lib/jfr.jar:/Users/albert/NetBeansJDKs/zulu8.70.0.23-ca-jdk8.0.372-macosx_x64.tar/zulu8.70.0.23-ca-jdk8.0.372-macosx_x64/zulu-8.jdk/Contents/Home/jre/lib/cat.jar:/Users/albert/NetBeansJDKs/zulu8.70.0.23-ca-jdk8.0.372-macosx_x64.tar/zulu8.70.0.23-ca-jdk8.0.372-macosx_x64/zulu-8.jdk/Contents/Home/jre/classes"/>
    <property name="java.vendor" value="Azul Systems, Inc."/>
    <property name="java.specification.maintenance.version" value="4"/>
    <property name="maven.home" value="/Applications/NetBeans/Apache NetBeans 17.app/Contents/Resources/NetBeans/netbeans/java/maven"/>
    <property name="file.separator" value="/"/>
    <property name="java.vendor.url.bug" value="http://www.azul.com/support/"/>
    <property name="sun.cpu.endian" value="little"/>
    <property name="sun.io.unicode.encoding" value="UnicodeBig"/>
    <property name="socksNonProxyHosts" value="local|*.local|169.254/16|*.169.254/16"/>
    <property name="ftp.nonProxyHosts" value="local|*.local|169.254/16|*.169.254/16"/>
    <property name="sun.cpu.isalist" value=""/>
  </properties>
  <testcase classname="JndiLdapAuthManualTest" name="authUser_WrongPassword" time="0.132"/>
  <testcase classname="JndiLdapAuthManualTest" name="authUser_CorrectPassword" time="0.054"/>
  <testcase classname="JndiLdapAuthManualTest" name="searchAuthUserAsAdmin_Wrong" time="0.025"/>
  <testcase classname="JndiLdapAuthManualTest" name="searchAuthUserAsAdmin_Correct" time="0.009"/>
  <testcase classname="JndiLdapAuthManualTest" name="changeUserPhone" time="0.004"/>
  <testcase classname="JndiLdapAuthManualTest" name="listUserAtt" time="0.007"/>
</testsuite>